9-VideoDecoder/android-videostreamdecodingsample/app/build/intermediates/manifest_merge_blame_file/debug/manifest-merger-blame-debug-report.txt
1<?xml version="1.0" encoding="utf-8"?>
2<manifest xmlns:android="http://schemas.android.com/apk/res/android"
3    package="com.dji.videostreamdecodingsample" >
4
5    <uses-sdk
6        android:minSdkVersion="28"
6-->src\main\AndroidManifest.xml
7        android:targetSdkVersion="30" />
7-->src\main\AndroidManifest.xml
8
9    <uses-permission android:name="android.permission.VIBRATE" />
9-->src\main\AndroidManifest.xml:6:5-65
9-->src\main\AndroidManifest.xml:6:22-63
10    <uses-permission android:name="android.permission.INTERNET" />
10-->src\main\AndroidManifest.xml:7:5-66
10-->src\main\AndroidManifest.xml:7:22-64
11    <uses-permission android:name="android.permission.ACCESS_WIFI_STATE" />
11-->src\main\AndroidManifest.xml:8:5-75
11-->src\main\AndroidManifest.xml:8:22-73
12    <uses-permission android:name="android.permission.WAKE_LOCK" />
12-->src\main\AndroidManifest.xml:9:5-67
12-->src\main\AndroidManifest.xml:9:22-65
13    <uses-permission android:name="android.permission.ACCESS_COARSE_LOCATION" />
13-->src\main\AndroidManifest.xml:10:5-80
13-->src\main\AndroidManifest.xml:10:22-78
14    <uses-permission android:name="android.permission.ACCESS_NETWORK_STATE" />
14-->src\main\AndroidManifest.xml:11:5-78
14-->src\main\AndroidManifest.xml:11:22-76
15    <uses-permission android:name="android.permission.ACCESS_FINE_LOCATION" />
15-->src\main\AndroidManifest.xml:12:5-78
15-->src\main\AndroidManifest.xml:12:22-76
16    <uses-permission android:name="android.permission.CHANGE_WIFI_STATE" />
16-->src\main\AndroidManifest.xml:13:5-75
16-->src\main\AndroidManifest.xml:13:22-73
17    <uses-permission android:name="android.permission.RECORD_AUDIO" />
17-->src\main\AndroidManifest.xml:14:5-71
17-->src\main\AndroidManifest.xml:14:22-68
18    <uses-permission android:name="android.permission.MOUNT_UNMOUNT_FILESYSTEMS" />
18-->src\main\AndroidManifest.xml:15:5-16:47
18-->src\main\AndroidManifest.xml:15:22-81
19    <uses-permission android:name="android.permission.WRITE_EXTERNAL_STORAGE" />
19-->src\main\AndroidManifest.xml:17:5-18:40
19-->src\main\AndroidManifest.xml:17:22-78
20    <uses-permission android:name="android.permission.READ_EXTERNAL_STORAGE" />
20-->src\main\AndroidManifest.xml:19:5-79
20-->src\main\AndroidManifest.xml:19:22-77
21    <uses-permission android:name="android.permission.SYSTEM_ALERT_WINDOW" />
21-->src\main\AndroidManifest.xml:20:5-77
21-->src\main\AndroidManifest.xml:20:22-75
22    <uses-permission android:name="android.permission.READ_PHONE_STATE" />
22-->src\main\AndroidManifest.xml:21:5-74
22-->src\main\AndroidManifest.xml:21:22-72
23    <uses-permission android:name="android.permission.BLUETOOTH" />
23-->src\main\AndroidManifest.xml:22:5-67
23-->src\main\AndroidManifest.xml:22:22-65
24    <uses-permission android:name="android.permission.BLUETOOTH_ADMIN" />
24-->src\main\AndroidManifest.xml:23:5-74
24-->src\main\AndroidManifest.xml:23:22-71
25
26    <uses-feature android:name="android.hardware.camera" />
26-->src\main\AndroidManifest.xml:25:5-59
26-->src\main\AndroidManifest.xml:25:19-57
27    <uses-feature android:name="android.hardware.camera.autofocus" />
27-->src\main\AndroidManifest.xml:26:5-69
27-->src\main\AndroidManifest.xml:26:19-67
28    <uses-feature
28-->src\main\AndroidManifest.xml:27:5-29:35
29        android:name="android.hardware.usb.host"
29-->src\main\AndroidManifest.xml:28:9-49
30        android:required="false" />
30-->src\main\AndroidManifest.xml:29:9-33
31    <uses-feature
31-->src\main\AndroidManifest.xml:30:5-32:34
32        android:name="android.hardware.usb.accessory"
32-->src\main\AndroidManifest.xml:31:9-54
33        android:required="true" />
33-->src\main\AndroidManifest.xml:32:9-32
34
35    <uses-permission android:name="android.permission.CHANGE_NETWORK_STATE" /> <!-- video editor -->
35-->[com.dji:dji-sdk:4.16.1] AndroidManifest.xml:15:5-79
35-->[com.dji:dji-sdk:4.16.1] AndroidManifest.xml:15:22-76
36    <uses-permission android:name="android.permission.KILL_BACKGROUND_PROCESSES" />
36-->[com.dji:dji-sdk:4.16.1] AndroidManifest.xml:19:5-84
36-->[com.dji:dji-sdk:4.16.1] AndroidManifest.xml:19:22-81
37
38    <application
38-->src\main\AndroidManifest.xml:34:5-67:19
39        android:name="com.dji.videostreamdecodingsample.VideoDecodingApplication"
39-->src\main\AndroidManifest.xml:35:9-49
40        android:allowBackup="true"
40-->src\main\AndroidManifest.xml:36:9-35
41        android:appComponentFactory="androidx.core.app.CoreComponentFactory"
41-->[androidx.core:core:1.6.0] AndroidManifest.xml:24:18-86
42        android:debuggable="true"
43        android:extractNativeLibs="false"
44        android:label="@string/app_name_decoding_sample"
44-->src\main\AndroidManifest.xml:37:9-57
45        android:supportsRtl="true"
45-->src\main\AndroidManifest.xml:38:9-35
46        android:theme="@style/AppTheme" > <!-- This line was added for autobahn to work -->
46-->src\main\AndroidManifest.xml:39:9-40
47
48        <uses-library
48-->src\main\AndroidManifest.xml:43:9-88
49            android:name="org.apache.http.legacy"
49-->src\main\AndroidManifest.xml:43:23-60
50            android:required="false" />
50-->src\main\AndroidManifest.xml:43:61-85
51
52        <meta-data
52-->src\main\AndroidManifest.xml:45:9-47:55
53            android:name="com.dji.sdk.API_KEY"
53-->src\main\AndroidManifest.xml:46:13-47
54            android:value="b434ac9f2ec4ea174d0ec5f5" />
54-->src\main\AndroidManifest.xml:47:13-53
55
56        <activity
56-->src\main\AndroidManifest.xml:49:9-61:20
57            android:name="com.dji.videostreamdecodingsample.ConnectionActivity"
57-->src\main\AndroidManifest.xml:50:13-47
58            android:launchMode="singleTop"
58-->src\main\AndroidManifest.xml:51:13-43
59            android:screenOrientation="portrait" >
59-->src\main\AndroidManifest.xml:52:13-49
60            <intent-filter>
60-->src\main\AndroidManifest.xml:53:13-57:29
61                <action android:name="android.intent.action.MAIN" />
61-->src\main\AndroidManifest.xml:54:17-68
61-->src\main\AndroidManifest.xml:54:25-66
62
63                <category android:name="android.intent.category.LAUNCHER" />
63-->src\main\AndroidManifest.xml:55:17-76
63-->src\main\AndroidManifest.xml:55:27-74
64
65                <action android:name="android.hardware.usb.action.USB_ACCESSORY_ATTACHED" />
65-->src\main\AndroidManifest.xml:56:17-92
65-->src\main\AndroidManifest.xml:56:25-90
66            </intent-filter>
67
68            <meta-data
68-->src\main\AndroidManifest.xml:58:13-60:59
69                android:name="android.hardware.usb.action.USB_ACCESSORY_ATTACHED"
69-->src\main\AndroidManifest.xml:59:17-82
70                android:resource="@xml/accessory_filter" />
70-->src\main\AndroidManifest.xml:60:17-57
71        </activity>
72        <activity
72-->src\main\AndroidManifest.xml:62:9-66:74
73            android:name="com.dji.videostreamdecodingsample.MainActivity"
73-->src\main\AndroidManifest.xml:63:13-41
74            android:configChanges="orientation|screenSize"
74-->src\main\AndroidManifest.xml:65:13-59
75            android:screenOrientation="landscape"
75-->src\main\AndroidManifest.xml:64:13-50
76            android:theme="@android:style/Theme.NoTitleBar.Fullscreen" />
76-->src\main\AndroidManifest.xml:66:13-71
77
78        <service
78-->[com.dji:dji-sdk:4.16.1] AndroidManifest.xml:38:9-40:43
79            android:name="dji.sdk.sdkmanager.DJIGlobalService"
79-->[com.dji:dji-sdk:4.16.1] AndroidManifest.xml:39:13-63
80            android:stopWithTask="true" />
80-->[com.dji:dji-sdk:4.16.1] AndroidManifest.xml:40:13-40
81
82        <receiver
82-->[com.dji:dji-sdk:4.16.1] AndroidManifest.xml:42:9-49:20
83            android:name="dji.logic.receiver.DJIPilotStartupReceiver"
83-->[com.dji:dji-sdk:4.16.1] AndroidManifest.xml:43:13-70
84            android:exported="true" >
84-->[com.dji:dji-sdk:4.16.1] AndroidManifest.xml:44:13-36
85            <intent-filter>
85-->[com.dji:dji-sdk:4.16.1] AndroidManifest.xml:45:13-48:29
86                <action android:name="dji.go3.STARTUP" />
86-->[com.dji:dji-sdk:4.16.1] AndroidManifest.xml:46:17-58
86-->[com.dji:dji-sdk:4.16.1] AndroidManifest.xml:46:25-55
87                <action android:name="dji.go4.STARTUP" />
87-->[com.dji:dji-sdk:4.16.1] AndroidManifest.xml:47:17-58
87-->[com.dji:dji-sdk:4.16.1] AndroidManifest.xml:47:25-55
88            </intent-filter>
89        </receiver>
90
91        <provider
91-->[androidx.lifecycle:lifecycle-process:2.2.0] AndroidManifest.xml:25:9-29:43
92            android:name="androidx.lifecycle.ProcessLifecycleOwnerInitializer"
92-->[androidx.lifecycle:lifecycle-process:2.2.0] AndroidManifest.xml:26:13-79
93            android:authorities="com.dji.videostreamdecodingsample.lifecycle-process"
93-->[androidx.lifecycle:lifecycle-process:2.2.0] AndroidManifest.xml:27:13-69
94            android:exported="false"
94-->[androidx.lifecycle:lifecycle-process:2.2.0] AndroidManifest.xml:28:13-37
95            android:multiprocess="true" />
95-->[androidx.lifecycle:lifecycle-process:2.2.0] AndroidManifest.xml:29:13-40
96    </application>
97
98</manifest>